[20:29:17] [main/DEBUG] [FML/]: Injecting tracing printstreams for STDOUT/STDERR.
[20:29:17] [main/INFO] [FML/]: Forge Mod Loader version 14.21.1.2387 for Minecraft 1.12 loading
[20:29:17] [main/INFO] [FML/]: Java is Java HotSpot(TM) 64-Bit Server VM, version 1.8.0_144, running on Windows 10:amd64:10.0, installed at C:\Program Files\Java\jre1.8.0_144
[20:29:17] [main/DEBUG] [FML/]: Java classpath at launch is forge-1.12-14.21.1.2387-universal.jar
[20:29:17] [main/DEBUG] [FML/]: Java library path at launch is C:\ProgramData\Oracle\Java\javapath;C:\Windows\Sun\Java\bin;C:\Windows\system32;C:\Windows;C:\ProgramData\Oracle\Java\javapath;C:\Program Files (x86)\Razer Chroma SDK\bin;C:\Program Files\Razer Chroma SDK\bin;C:\Windows\system32;C:\Windows;C:\Windows\System32\Wbem;C:\Windows\System32\WindowsPowerShell\v1.0\;C:\Program Files\Microsoft SQL Server\130\Tools\Binn\;C:\Program Files\dotnet\;C:\Program Files\Git\cmd;C:\Windows\system32\config\systemprofile\AppData\Local\Microsoft\WindowsApps;C:\Program Files (x86)\NVIDIA Corporation\PhysX\Common;C:\Users\milla\AppData\Local\Microsoft\WindowsApps;C:\Users\milla\AppData\Local\GitHubDesktop\bin;.
[20:29:17] [main/DEBUG] [FML/]: Enabling runtime deobfuscation
[20:29:17] [main/DEBUG] [FML/]: Instantiating coremod class FMLCorePlugin
[20:29:17] [main/DEBUG] [FML/]: Added access transformer class net.minecraftforge.fml.common.asm.transformers.AccessTransformer to enqueued access transformers
[20:29:17] [main/DEBUG] [FML/]: Enqueued coremod FMLCorePlugin
[20:29:17] [main/DEBUG] [FML/]: Instantiating coremod class FMLForgePlugin
[20:29:17] [main/DEBUG] [FML/]: Enqueued coremod FMLForgePlugin
[20:29:17] [main/DEBUG] [FML/]: All fundamental core mods are successfully located
[20:29:17] [main/DEBUG] [FML/]: Attempting to load commandline specified mods, relative to D:\backup\Desktop\Minecraft_server_map\.
[20:29:17] [main/DEBUG] [FML/]: Adding net.minecraftforge:MercuriusUpdater (D:\backup\Desktop\Minecraft_server_map\libraries\net\minecraftforge\MercuriusUpdater\1.12\MercuriusUpdater-1.12.jar) to the mod list
[20:29:17] [main/DEBUG] [FML/]: Discovering coremods
[20:29:17] [main/DEBUG] [FML/]: Examining for coremod candidacy appliedenergistics2-rv5-alpha-3.jar
[20:29:17] [main/DEBUG] [FML/]: Not found coremod data in appliedenergistics2-rv5-alpha-3.jar
[20:29:17] [main/DEBUG] [FML/]: Examining for coremod candidacy Environmental-Tech-Mod-1.12.1.jar
[20:29:17] [main/DEBUG] [FML/]: Not found coremod data in Environmental-Tech-Mod-1.12.1.jar
[20:29:17] [main/DEBUG] [FML/]: Examining for coremod candidacy extrautils2-1.12-1.5.1.jar
[20:29:17] [main/DEBUG] [FML/]: Not found coremod data in extrautils2-1.12-1.5.1.jar
[20:29:17] [main/DEBUG] [FML/]: Examining for coremod candidacy Futurepack-1.12.jar
[20:29:18] [main/DEBUG] [FML/]: Not found coremod data in Futurepack-1.12.jar
[20:29:18] [main/DEBUG] [FML/]: Examining for coremod candidacy gravestone-1.8.4.jar
[20:29:18] [main/DEBUG] [FML/]: Not found coremod data in gravestone-1.8.4.jar
[20:29:18] [main/DEBUG] [FML/]: Examining for coremod candidacy Hwyla-1.8.19-B33_1.12.jar
[20:29:18] [main/DEBUG] [FML/]: Not found coremod data in Hwyla-1.8.19-B33_1.12.jar
[20:29:18] [main/DEBUG] [FML/]: Examining for coremod candidacy industrialcraft-2-2.8.14-ex112.jar
[20:29:18] [main/DEBUG] [FML/]: Not found coremod data in industrialcraft-2-2.8.14-ex112.jar
[20:29:18] [main/DEBUG] [FML/]: Examining for coremod candidacy InventoryTweaks-1.63+beta.107.jar
[20:29:18] [main/TRACE] [FML/]: Found FMLCorePluginContainsFMLMod marker in InventoryTweaks-1.63+beta.107.jar, it will be examined later for regular @Mod instances
[20:29:18] [main/DEBUG] [FML/]: Instantiating coremod class FMLPlugin
[20:29:18] [main/TRACE] [FML/]: coremod named Inventory Tweaks Coremod is loading
[20:29:18] [main/WARN] [FML/]: The coremod invtweaks.forge.asm.FMLPlugin does not have a MCVersion annotation, it may cause issues with this version of Minecraft
[20:29:18] [main/DEBUG] [FML/]: Added access transformer class invtweaks.forge.asm.ITAccessTransformer to enqueued access transformers
[20:29:18] [main/DEBUG] [FML/]: Enqueued coremod Inventory Tweaks Coremod
[20:29:18] [main/DEBUG] [FML/]: Examining for coremod candidacy ironchest-1.12-7.0.31.818.jar
[20:29:18] [main/DEBUG] [FML/]: Not found coremod data in ironchest-1.12-7.0.31.818.jar
[20:29:18] [main/DEBUG] [FML/]: Examining for coremod candidacy jei_1.12-4.7.4.80.jar
[20:29:18] [main/DEBUG] [FML/]: Not found coremod data in jei_1.12-4.7.4.80.jar
[20:29:18] [main/DEBUG] [FML/]: Examining for coremod candidacy JustEnoughResources-1.12-0.8.3.23.jar
[20:29:18] [main/DEBUG] [FML/]: Not found coremod data in JustEnoughResources-1.12-0.8.3.23.jar
[20:29:18] [main/DEBUG] [FML/]: Examining for coremod candidacy MercuriusUpdater-1.12.jar
[20:29:18] [main/DEBUG] [FML/]: Not found coremod data in MercuriusUpdater-1.12.jar
[20:29:18] [main/DEBUG] [FML/]: Examining for coremod candidacy Morpheus-1.12-3.3.2.jar
[20:29:18] [main/DEBUG] [FML/]: Not found coremod data in Morpheus-1.12-3.3.2.jar
[20:29:18] [main/DEBUG] [FML/]: Examining for coremod candidacy ToroHealth-Damage Indicators-Mod-1.12.jar
[20:29:18] [main/DEBUG] [FML/]: Not found coremod data in ToroHealth-Damage Indicators-Mod-1.12.jar
[20:29:18] [main/DEBUG] [FML/]: Examining for coremod candidacy ValkyrieLib-1.12.jar
[20:29:18] [main/DEBUG] [FML/]: Not found coremod data in ValkyrieLib-1.12.jar
[20:29:18] [main/DEBUG] [FML/]: Examining for coremod candidacy WailaHarvestability-mc1.12-1.1.11.jar
[20:29:18] [main/DEBUG] [FML/]: Not found coremod data in WailaHarvestability-mc1.12-1.1.11.jar
[20:29:18] [main/DEBUG] [FML/]: Examining for coremod candidacy Wawla-1.12-2.5.239.jar
[20:29:18] [main/DEBUG] [FML/]: Not found coremod data in Wawla-1.12-2.5.239.jar
[20:29:18] [main/DEBUG] [FML/]: Examining for coremod candidacy Waystones_1.12.1-4.0.15.jar
[20:29:18] [main/DEBUG] [FML/]: Not found coremod data in Waystones_1.12.1-4.0.15.jar
[20:29:18] [main/INFO] [LaunchWrapper/]: Loading tweak class name net.minecraftforge.fml.common.launcher.FMLInjectionAndSortingTweaker
[20:29:18] [main/INFO] [LaunchWrapper/]: Loading tweak class name net.minecraftforge.fml.common.launcher.FMLDeobfTweaker
[20:29:18] [main/INFO] [LaunchWrapper/]: Calling tweak class net.minecraftforge.fml.common.launcher.FMLInjectionAndSortingTweaker
[20:29:18] [main/INFO] [LaunchWrapper/]: Calling tweak class net.minecraftforge.fml.common.launcher.FMLInjectionAndSortingTweaker
[20:29:18] [main/INFO] [LaunchWrapper/]: Calling tweak class net.minecraftforge.fml.relauncher.CoreModManager$FMLPluginWrapper
[20:29:18] [main/DEBUG] [FML/]: Injecting coremod FMLCorePlugin \{net.minecraftforge.fml.relauncher.FMLCorePlugin\} class transformers
[20:29:18] [main/TRACE] [FML/]: Registering transformer net.minecraftforge.fml.common.asm.transformers.BlamingTransformer
[20:29:18] [main/TRACE] [FML/]: Registering transformer net.minecraftforge.fml.common.asm.transformers.SideTransformer
[20:29:18] [main/TRACE] [FML/]: Registering transformer net.minecraftforge.fml.common.asm.transformers.EventSubscriptionTransformer
[20:29:18] [main/TRACE] [FML/]: Registering transformer net.minecraftforge.fml.common.asm.transformers.EventSubscriberTransformer
[20:29:18] [main/DEBUG] [FML/]: Injection complete
[20:29:18] [main/DEBUG] [FML/]: Running coremod plugin for FMLCorePlugin \{net.minecraftforge.fml.relauncher.FMLCorePlugin\}
[20:29:18] [main/DEBUG] [FML/]: Running coremod plugin FMLCorePlugin
[20:29:19] [main/DEBUG] [FML/]: Injecting tracing printstreams for STDOUT/STDERR.
[20:29:19] [main/DEBUG] [FML/]: Read 1055 binary patches
[20:29:19] [main/DEBUG] [FML/]: Loading deobfuscation resource /deobfuscation_data-1.12.lzma with 36066 records
[20:29:20] [main/INFO] [FML/]: Found valid fingerprint for Minecraft Forge. Certificate fingerprint e3c3d50c7c986df74c645c0ac54639741c90a557
[20:29:20] [main/DEBUG] [FML/]: Coremod plugin class FMLCorePlugin run successfully
[20:29:20] [main/INFO] [LaunchWrapper/]: Calling tweak class net.minecraftforge.fml.relauncher.CoreModManager$FMLPluginWrapper
[20:29:20] [main/DEBUG] [FML/]: Injecting coremod FMLForgePlugin \{net.minecraftforge.classloading.FMLForgePlugin\} class transformers
[20:29:20] [main/DEBUG] [FML/]: Injection complete
[20:29:20] [main/DEBUG] [FML/]: Running coremod plugin for FMLForgePlugin \{net.minecraftforge.classloading.FMLForgePlugin\}
[20:29:20] [main/DEBUG] [FML/]: Running coremod plugin FMLForgePlugin
[20:29:20] [main/DEBUG] [FML/]: Coremod plugin class FMLForgePlugin run successfully
[20:29:20] [main/INFO] [LaunchWrapper/]: Calling tweak class net.minecraftforge.fml.common.launcher.FMLDeobfTweaker
[20:29:20] [main/DEBUG] [FML/]: Loaded 206 rules from AccessTransformer config file forge_at.cfg
[20:29:20] [main/DEBUG] [FML/]: Loaded 12 rules from AccessTransformer config file invtweaks_at.cfg
[20:29:20] [main/DEBUG] [FML/]: Loaded 3 rules from AccessTransformer mod jar file D:\backup\Desktop\Minecraft_server_map\mods\Wawla-1.12-2.5.239.jar!META-INF/wawla_at.cfg

[20:29:20] [main/DEBUG] [FML/]: Loaded 9 rules from AccessTransformer mod jar file D:\backup\Desktop\Minecraft_server_map\mods\JustEnoughResources-1.12-0.8.3.23.jar!META-INF/jeresources_at.cfg

[20:29:20] [main/DEBUG] [FML/]: Loaded 4 rules from AccessTransformer mod jar file D:\backup\Desktop\Minecraft_server_map\mods\Waystones_1.12.1-4.0.15.jar!META-INF/waystones_at.cfg

[20:29:20] [main/DEBUG] [FML/]: Loaded 97 rules from AccessTransformer mod jar file D:\backup\Desktop\Minecraft_server_map\mods\extrautils2-1.12-1.5.1.jar!META-INF/extrautils2_at.cfg

[20:29:20] [main/DEBUG] [FML/]: Loaded 2 rules from AccessTransformer mod jar file D:\backup\Desktop\Minecraft_server_map\mods\jei_1.12-4.7.4.80.jar!META-INF/jei_at.cfg

[20:29:20] [main/DEBUG] [FML/]: Loaded 1 rules from AccessTransformer mod jar file D:\backup\Desktop\Minecraft_server_map\mods\appliedenergistics2-rv5-alpha-3.jar!META-INF/appeng_at.cfg

[20:29:20] [main/DEBUG] [FML/]: Validating minecraft
[20:29:20] [main/DEBUG] [FML/]: Minecraft validated, launching...
[20:29:20] [main/INFO] [LaunchWrapper/]: Calling tweak class net.minecraftforge.fml.relauncher.CoreModManager$FMLPluginWrapper
[20:29:20] [main/DEBUG] [FML/]: Injecting coremod Inventory Tweaks Coremod \{invtweaks.forge.asm.FMLPlugin\} class transformers
[20:29:20] [main/TRACE] [FML/]: Registering transformer invtweaks.forge.asm.ContainerTransformer
[20:29:20] [main/DEBUG] [FML/]: Injection complete
[20:29:20] [main/DEBUG] [FML/]: Running coremod plugin for Inventory Tweaks Coremod \{invtweaks.forge.asm.FMLPlugin\}
[20:29:20] [main/DEBUG] [FML/]: Running coremod plugin Inventory Tweaks Coremod
[20:29:20] [main/DEBUG] [FML/]: Coremod plugin class FMLPlugin run successfully
[20:29:20] [main/INFO] [LaunchWrapper/]: Loading tweak class name net.minecraftforge.fml.common.launcher.TerminalTweaker
[20:29:20] [main/INFO] [LaunchWrapper/]: Calling tweak class net.minecraftforge.fml.common.launcher.TerminalTweaker
[20:29:21] [main/INFO] [LaunchWrapper/]: Launching wrapped minecraft {net.minecraft.server.MinecraftServer}
[20:29:25] [main/DEBUG] [FML/]: Creating vanilla freeze snapshot
[20:29:25] [main/DEBUG] [FML/]: Vanilla freeze snapshot created
